#
# A fatal error has been detected by the Java Runtime Environment:
#
#  Internal Error (t:/workspace/open/src/hotspot/share/oops/generateOopMap.cpp:2164), pid=15004, tid=8552
#  fatal error: Illegal class file encountered. Try running with -Xverify:all in method testCreateOsirisService
#
# JRE version: Java(TM) SE Runtime Environment (11.0.2+9) (build 11.0.2+9-LTS)
# Java VM: Java HotSpot(TM) 64-Bit Server VM (11.0.2+9-LTS, mixed mode, tiered, compressed oops, g1 gc, windows-amd64)
# No core dump will be written. Minidumps are not enabled by default on client versions of Windows
#
# If you would like to submit a bug report, please visit:
#   http://bugreport.java.com/bugreport/crash.jsp
#

---------------  S U M M A R Y ------------

Command Line: -agentlib:jdwp=transport=dt_socket,address=127.0.0.1:54831,suspend=y,server=n -Dmaven.multiModuleProjectDirectory=C:\Users\Gebruiker\Documents\Development\StudyBitsParser -Dmaven.home=C:\Program Files\JetBrains\IntelliJ IDEA 2018.3.5\plugins\maven\lib\maven3 -Dclassworlds.conf=C:\Program Files\JetBrains\IntelliJ IDEA 2018.3.5\plugins\maven\lib\maven3\bin\m2.conf -javaagent:C:\Users\Gebruiker\.IntelliJIdea2018.3\system\captureAgent\debugger-agent.jar -Dfile.encoding=UTF-8 org.codehaus.classworlds.Launcher -Didea.version=2018.3.5 -Dtest=nl.quintor.studybits.IntegrationTests.FactoryTest#testCreateOsirisService test-compile surefire:test -DforkMode=never -DforkCount=0 -DreuseForks=false

Host: Intel(R) Core(TM) i7-8750H CPU @ 2.20GHz, 12 cores, 15G,  Windows 10 , 64 bit Build 17134 (10.0.17134.648)
Time: Tue Apr  9 10:39:25 2019 W. Europe Summer Time elapsed time: 2159 seconds (0d 0h 35m 59s)

---------------  T H R E A D  ---------------

Current thread (0x0000021b970d2800):  VMThread "VM Thread" [stack: 0x000000a38ce00000,0x000000a38cf00000] [id=8552]

Stack: [0x000000a38ce00000,0x000000a38cf00000]
[error occurred during error reporting (printing stack bounds), id 0xc0000005, EXCEPTION_ACCESS_VIOLATION (0xc0000005) at pc=0x0000021b80000bad]

Native frames: (J=compiled Java code, j=interpreted, Vv=VM code, C=native code)
V  [jvm.dll+0x63574a]
V  [jvm.dll+0x77326f]
V  [jvm.dll+0x77491a]
V  [jvm.dll+0x774f35]
V  [jvm.dll+0x774eeb]
V  [jvm.dll+0x634e56]
V  [jvm.dll+0x635218]
C  [ntdll.dll+0x9f7dd]
C  [ntdll.dll+0xd856]
C  [ntdll.dll+0x9e70e]
C  0x0000021b80000bad

VM_Operation (0x000000a38d8ff7a0): GetOrSetLocal, mode: safepoint, requested by thread 0x0000021b97cb3800


---------------  P R O C E S S  ---------------

Threads class SMR info:
_java_thread_list=0x0000021b99f122f0, length=16, elements={
0x0000021bf32f9000, 0x0000021b97983000, 0x0000021b97984800, 0x0000021b979f6800,
0x0000021b979f7800, 0x0000021b979fc800, 0x0000021b979fe000, 0x0000021b979a3800,
0x0000021b9708c000, 0x0000021b97cb3800, 0x0000021b97c80000, 0x0000021b97cfe000,
0x0000021b98001000, 0x0000021b9a7f7000, 0x0000021b9a260800, 0x0000021b98d44800
}

Java Threads: ( => current thread )
  0x0000021bf32f9000 JavaThread "main" [_thread_blocked, id=10588, stack(0x000000a38c800000,0x000000a38c900000)]
  0x0000021b97983000 JavaThread "Reference Handler" daemon [_thread_blocked, id=11604, stack(0x000000a38cf00000,0x000000a38d000000)]
  0x0000021b97984800 JavaThread "Finalizer" daemon [_thread_blocked, id=1236, stack(0x000000a38d000000,0x000000a38d100000)]
  0x0000021b979f6800 JavaThread "Signal Dispatcher" daemon [_thread_blocked, id=15916, stack(0x000000a38d100000,0x000000a38d200000)]
  0x0000021b979f7800 JavaThread "Attach Listener" daemon [_thread_blocked, id=12068, stack(0x000000a38d200000,0x000000a38d300000)]
  0x0000021b979fc800 JavaThread "C2 CompilerThread0" daemon [_thread_blocked, id=19744, stack(0x000000a38d300000,0x000000a38d400000)]
  0x0000021b979fe000 JavaThread "C1 CompilerThread0" daemon [_thread_blocked, id=18060, stack(0x000000a38d400000,0x000000a38d500000)]
  0x0000021b979a3800 JavaThread "Sweeper thread" daemon [_thread_blocked, id=16448, stack(0x000000a38d500000,0x000000a38d600000)]
  0x0000021b9708c000 JavaThread "Common-Cleaner" daemon [_thread_blocked, id=16312, stack(0x000000a38d600000,0x000000a38d700000)]
  0x0000021b97cb3800 JavaThread "JDWP Transport Listener: dt_socket" daemon [_thread_blocked, id=14960, stack(0x000000a38d800000,0x000000a38d900000)] _threads_hazard_ptr=0x0000021b99f122f0
  0x0000021b97c80000 JavaThread "JDWP Event Helper Thread" daemon [_thread_blocked, id=12872, stack(0x000000a38d900000,0x000000a38da00000)]
  0x0000021b97cfe000 JavaThread "JDWP Command Reader" daemon [_thread_in_native, id=14248, stack(0x000000a38da00000,0x000000a38db00000)]
  0x0000021b98001000 JavaThread "Service Thread" daemon [_thread_blocked, id=17724, stack(0x000000a38db00000,0x000000a38dc00000)]
  0x0000021b9a7f7000 JavaThread "resolver-1" daemon [_thread_blocked, id=20376, stack(0x000000a38e500000,0x000000a38e600000)]
  0x0000021b9a260800 JavaThread "resolver-2" daemon [_thread_blocked, id=5200, stack(0x000000a38e600000,0x000000a38e700000)]
  0x0000021b98d44800 JavaThread "resolver-3" daemon [_thread_blocked, id=18856, stack(0x000000a38e700000,0x000000a38e800000)]

Other Threads:
=>0x0000021b970d2800 VMThread "VM Thread" [stack: 0x000000a38ce00000,0x000000a38cf00000] [id=8552]
  0x0000021b97ec4000 WatcherThread [stack: 0x000000a38dc00000,0x000000a38dd00000] [id=17920]
  0x0000021bf3312800 GCTaskThread "GC Thread#0" [stack: 0x000000a38c900000,0x000000a38ca00000] [id=7396]
  0x0000021b98ac6000 GCTaskThread "GC Thread#1" [stack: 0x000000a38de00000,0x000000a38df00000] [id=9604]
  0x0000021b990d6000 GCTaskThread "GC Thread#2" [stack: 0x000000a38df00000,0x000000a38e000000] [id=21444]
  0x0000021b98dba800 GCTaskThread "GC Thread#3" [stack: 0x000000a38e000000,0x000000a38e100000] [id=13980]
  0x0000021b98e37000 GCTaskThread "GC Thread#4" [stack: 0x000000a38e100000,0x000000a38e200000] [id=15520]
  0x0000021b96fac800 GCTaskThread "GC Thread#5" [stack: 0x000000a38e200000,0x000000a38e300000] [id=18760]
  0x0000021bf336d000 ConcurrentGCThread "G1 Main Marker" [stack: 0x000000a38ca00000,0x000000a38cb00000] [id=18252]
  0x0000021bf336f800 ConcurrentGCThread "G1 Conc#0" [stack: 0x000000a38cb00000,0x000000a38cc00000] [id=18416]
  0x0000021b96fae000 ConcurrentGCThread "G1 Conc#1" [stack: 0x000000a38e300000,0x000000a38e400000] [id=20308]
  0x0000021b96fb4000 ConcurrentGCThread "G1 Conc#2" [stack: 0x000000a38e400000,0x000000a38e500000] [id=1772]
  0x0000021b96fb2000 ConcurrentGCThread "G1 Refine#0" [stack: 0x000000a38cc00000,0x000000a38cd00000] [id=21160]
  0x0000021b96fb5000 ConcurrentGCThread "G1 Young RemSet Sampling" [stack: 0x000000a38cd00000,0x000000a38ce00000] [id=16140]

Threads with active compile tasks:

VM state:at safepoint (normal execution)

VM Mutex/Monitor currently owned by a thread:  ([mutex/lock_event])
[0x0000021bf32f61d0] Threads_lock - owner thread: 0x0000021b970d2800

Heap address: 0x0000000702400000, size: 4060 MB, Compressed Oops mode: Zero based, Oop shift amount: 3
Narrow klass base: 0x0000000800000000, Narrow klass shift: 0
Compressed class space size: 1073741824 Address: 0x0000000800000000

Heap:
 garbage-first heap   total 260096K, used 101514K [0x0000000702400000, 0x0000000800000000)
  region size 1024K, 89 young (91136K), 9 survivors (9216K)
 Metaspace       used 26457K, capacity 26903K, committed 27184K, reserved 1073152K
  class space    used 2738K, capacity 2909K, committed 2944K, reserved 1048576K
Heap Regions: E=young(eden), S=young(survivor), O=old, HS=humongous(starts), HC=humongous(continues), CS=collection set, F=free, A=archive, TAMS=top-at-mark-start (previous, next)
|   0|0x0000000702400000, 0x0000000702500000, 0x0000000702500000|100%| O|  |TAMS 0x0000000702473400, 0x0000000702400000| Untracked 
|   1|0x0000000702500000, 0x0000000702600000, 0x0000000702600000|100%| O|  |TAMS 0x0000000702500000, 0x0000000702500000| Untracked 
|   2|0x0000000702600000, 0x0000000702700000, 0x0000000702700000|100%| O|  |TAMS 0x0000000702600000, 0x0000000702600000| Untracked 
|   3|0x0000000702700000, 0x0000000702800000, 0x0000000702800000|100%| O|  |TAMS 0x0000000702700000, 0x0000000702700000| Untracked 
|   4|0x0000000702800000, 0x0000000702900000, 0x0000000702900000|100%| O|  |TAMS 0x0000000702800000, 0x0000000702800000| Untracked 
|   5|0x0000000702900000, 0x0000000702a00000, 0x0000000702a00000|100%| O|  |TAMS 0x0000000702900000, 0x0000000702900000| Untracked 
|   6|0x0000000702a00000, 0x0000000702b00000, 0x0000000702b00000|100%| O|  |TAMS 0x0000000702a00000, 0x0000000702a00000| Untracked 
|   7|0x0000000702b00000, 0x0000000702c00000, 0x0000000702c00000|100%| O|  |TAMS 0x0000000702b00000, 0x0000000702b00000| Untracked 
|   8|0x0000000702c00000, 0x0000000702d00000, 0x0000000702d00000|100%| O|  |TAMS 0x0000000702c00000, 0x0000000702c00000| Untracked 
|   9|0x0000000702d00000, 0x0000000702e00000, 0x0000000702e00000|100%| O|  |TAMS 0x0000000702d00000, 0x0000000702d00000| Untracked 
|  10|0x0000000702e00000, 0x0000000702e64000, 0x0000000702f00000| 39%| O|  |TAMS 0x0000000702e00000, 0x0000000702e00000| Untracked 
|  11|0x0000000702f00000, 0x0000000703000000, 0x0000000703000000|100%|HS|  |TAMS 0x0000000702f00000, 0x0000000702f00000| Complete 
|  12|0x0000000703000000, 0x0000000703000000, 0x0000000703100000|  0%| F|  |TAMS 0x0000000703000000, 0x0000000703000000| Untracked 
|  13|0x0000000703100000, 0x0000000703100000, 0x0000000703200000|  0%| F|  |TAMS 0x0000000703100000, 0x0000000703100000| Untracked 
|  14|0x0000000703200000, 0x0000000703200000, 0x0000000703300000|  0%| F|  |TAMS 0x0000000703200000, 0x0000000703200000| Untracked 
|  15|0x0000000703300000, 0x0000000703300000, 0x0000000703400000|  0%| F|  |TAMS 0x0000000703300000, 0x0000000703300000| Untracked 
|  16|0x0000000703400000, 0x0000000703400000, 0x0000000703500000|  0%| F|  |TAMS 0x0000000703400000, 0x0000000703400000| Untracked 
|  17|0x0000000703500000, 0x0000000703500000, 0x0000000703600000|  0%| F|  |TAMS 0x0000000703500000, 0x0000000703500000| Untracked 
|  18|0x0000000703600000, 0x0000000703600000, 0x0000000703700000|  0%| F|  |TAMS 0x0000000703600000, 0x0000000703600000| Untracked 
|  19|0x0000000703700000, 0x0000000703700000, 0x0000000703800000|  0%| F|  |TAMS 0x0000000703700000, 0x0000000703700000| Untracked 
|  20|0x0000000703800000, 0x0000000703800000, 0x0000000703900000|  0%| F|  |TAMS 0x0000000703800000, 0x0000000703800000| Untracked 
|  21|0x0000000703900000, 0x0000000703900000, 0x0000000703a00000|  0%| F|  |TAMS 0x0000000703900000, 0x0000000703900000| Untracked 
|  22|0x0000000703a00000, 0x0000000703a00000, 0x0000000703b00000|  0%| F|  |TAMS 0x0000000703a00000, 0x0000000703a00000| Untracked 
|  23|0x0000000703b00000, 0x0000000703b00000, 0x0000000703c00000|  0%| F|  |TAMS 0x0000000703b00000, 0x0000000703b00000| Untracked 
|  24|0x0000000703c00000, 0x0000000703c00000, 0x0000000703d00000|  0%| F|  |TAMS 0x0000000703c00000, 0x0000000703c00000| Untracked 
|  25|0x0000000703d00000, 0x0000000703d00000, 0x0000000703e00000|  0%| F|  |TAMS 0x0000000703d00000, 0x0000000703d00000| Untracked 
|  26|0x0000000703e00000, 0x0000000703e00000, 0x0000000703f00000|  0%| F|  |TAMS 0x0000000703e00000, 0x0000000703e00000| Untracked 
|  27|0x0000000703f00000, 0x0000000703f00000, 0x0000000704000000|  0%| F|  |TAMS 0x0000000703f00000, 0x0000000703f00000| Untracked 
|  28|0x0000000704000000, 0x0000000704000000, 0x0000000704100000|  0%| F|  |TAMS 0x0000000704000000, 0x0000000704000000| Untracked 
|  29|0x0000000704100000, 0x0000000704100000, 0x0000000704200000|  0%| F|  |TAMS 0x0000000704100000, 0x0000000704100000| Untracked 
|  30|0x0000000704200000, 0x0000000704200000, 0x0000000704300000|  0%| F|  |TAMS 0x0000000704200000, 0x0000000704200000| Untracked 
|  31|0x0000000704300000, 0x0000000704300000, 0x0000000704400000|  0%| F|  |TAMS 0x0000000704300000, 0x0000000704300000| Untracked 
|  32|0x0000000704400000, 0x0000000704400000, 0x0000000704500000|  0%| F|  |TAMS 0x0000000704400000, 0x0000000704400000| Untracked 
|  33|0x0000000704500000, 0x0000000704500000, 0x0000000704600000|  0%| F|  |TAMS 0x0000000704500000, 0x0000000704500000| Untracked 
|  34|0x0000000704600000, 0x0000000704600000, 0x0000000704700000|  0%| F|  |TAMS 0x0000000704600000, 0x0000000704600000| Untracked 
|  35|0x0000000704700000, 0x0000000704700000, 0x0000000704800000|  0%| F|  |TAMS 0x0000000704700000, 0x0000000704700000| Untracked 
|  36|0x0000000704800000, 0x0000000704800000, 0x0000000704900000|  0%| F|  |TAMS 0x0000000704800000, 0x0000000704800000| Untracked 
|  37|0x0000000704900000, 0x0000000704900000, 0x0000000704a00000|  0%| F|  |TAMS 0x0000000704900000, 0x0000000704900000| Untracked 
|  38|0x0000000704a00000, 0x0000000704a00000, 0x0000000704b00000|  0%| F|  |TAMS 0x0000000704a00000, 0x0000000704a00000| Untracked 
|  39|0x0000000704b00000, 0x0000000704b00000, 0x0000000704c00000|  0%| F|  |TAMS 0x0000000704b00000, 0x0000000704b00000| Untracked 
|  40|0x0000000704c00000, 0x0000000704c00000, 0x0000000704d00000|  0%| F|  |TAMS 0x0000000704c00000, 0x0000000704c00000| Untracked 
|  41|0x0000000704d00000, 0x0000000704d00000, 0x0000000704e00000|  0%| F|  |TAMS 0x0000000704d00000, 0x0000000704d00000| Untracked 
|  42|0x0000000704e00000, 0x0000000704e00000, 0x0000000704f00000|  0%| F|  |TAMS 0x0000000704e00000, 0x0000000704e00000| Untracked 
|  43|0x0000000704f00000, 0x0000000704f00000, 0x0000000705000000|  0%| F|  |TAMS 0x0000000704f00000, 0x0000000704f00000| Untracked 
|  44|0x0000000705000000, 0x0000000705000000, 0x0000000705100000|  0%| F|  |TAMS 0x0000000705000000, 0x0000000705000000| Untracked 
|  45|0x0000000705100000, 0x0000000705100000, 0x0000000705200000|  0%| F|  |TAMS 0x0000000705100000, 0x0000000705100000| Untracked 
|  46|0x0000000705200000, 0x0000000705200000, 0x0000000705300000|  0%| F|  |TAMS 0x0000000705200000, 0x0000000705200000| Untracked 
|  47|0x0000000705300000, 0x0000000705300000, 0x0000000705400000|  0%| F|  |TAMS 0x0000000705300000, 0x0000000705300000| Untracked 
|  48|0x0000000705400000, 0x0000000705400000, 0x0000000705500000|  0%| F|  |TAMS 0x0000000705400000, 0x0000000705400000| Untracked 
|  49|0x0000000705500000, 0x0000000705500000, 0x0000000705600000|  0%| F|  |TAMS 0x0000000705500000, 0x0000000705500000| Untracked 
|  50|0x0000000705600000, 0x0000000705600000, 0x0000000705700000|  0%| F|  |TAMS 0x0000000705600000, 0x0000000705600000| Untracked 
|  51|0x0000000705700000, 0x0000000705700000, 0x0000000705800000|  0%| F|  |TAMS 0x0000000705700000, 0x0000000705700000| Untracked 
|  52|0x0000000705800000, 0x0000000705800000, 0x0000000705900000|  0%| F|  |TAMS 0x0000000705800000, 0x0000000705800000| Untracked 
|  53|0x0000000705900000, 0x0000000705900000, 0x0000000705a00000|  0%| F|  |TAMS 0x0000000705900000, 0x0000000705900000| Untracked 
|  54|0x0000000705a00000, 0x0000000705a00000, 0x0000000705b00000|  0%| F|  |TAMS 0x0000000705a00000, 0x0000000705a00000| Untracked 
|  55|0x0000000705b00000, 0x0000000705b00000, 0x0000000705c00000|  0%| F|  |TAMS 0x0000000705b00000, 0x0000000705b00000| Untracked 
|  56|0x0000000705c00000, 0x0000000705c00000, 0x0000000705d00000|  0%| F|  |TAMS 0x0000000705c00000, 0x0000000705c00000| Untracked 
|  57|0x0000000705d00000, 0x0000000705d00000, 0x0000000705e00000|  0%| F|  |TAMS 0x0000000705d00000, 0x0000000705d00000| Untracked 
|  58|0x0000000705e00000, 0x0000000705e00000, 0x0000000705f00000|  0%| F|  |TAMS 0x0000000705e00000, 0x0000000705e00000| Untracked 
|  59|0x0000000705f00000, 0x0000000705f00000, 0x0000000706000000|  0%| F|  |TAMS 0x0000000705f00000, 0x0000000705f00000| Untracked 
|  60|0x0000000706000000, 0x0000000706000000, 0x0000000706100000|  0%| F|  |TAMS 0x0000000706000000, 0x0000000706000000| Untracked 
|  61|0x0000000706100000, 0x0000000706100000, 0x0000000706200000|  0%| F|  |TAMS 0x0000000706100000, 0x0000000706100000| Untracked 
|  62|0x0000000706200000, 0x0000000706200000, 0x0000000706300000|  0%| F|  |TAMS 0x0000000706200000, 0x0000000706200000| Untracked 
|  63|0x0000000706300000, 0x0000000706300000, 0x0000000706400000|  0%| F|  |TAMS 0x0000000706300000, 0x0000000706300000| Untracked 
|  64|0x0000000706400000, 0x0000000706400000, 0x0000000706500000|  0%| F|  |TAMS 0x0000000706400000, 0x0000000706400000| Untracked 
|  65|0x0000000706500000, 0x0000000706500000, 0x0000000706600000|  0%| F|  |TAMS 0x0000000706500000, 0x0000000706500000| Untracked 
|  66|0x0000000706600000, 0x0000000706600000, 0x0000000706700000|  0%| F|  |TAMS 0x0000000706600000, 0x0000000706600000| Untracked 
|  67|0x0000000706700000, 0x0000000706700000, 0x0000000706800000|  0%| F|  |TAMS 0x0000000706700000, 0x0000000706700000| Untracked 
|  68|0x0000000706800000, 0x0000000706800000, 0x0000000706900000|  0%| F|  |TAMS 0x0000000706800000, 0x0000000706800000| Untracked 
|  69|0x0000000706900000, 0x0000000706900000, 0x0000000706a00000|  0%| F|  |TAMS 0x0000000706900000, 0x0000000706900000| Untracked 
|  70|0x0000000706a00000, 0x0000000706a00000, 0x0000000706b00000|  0%| F|  |TAMS 0x0000000706a00000, 0x0000000706a00000| Untracked 
|  71|0x0000000706b00000, 0x0000000706b00000, 0x0000000706c00000|  0%| F|  |TAMS 0x0000000706b00000, 0x0000000706b00000| Untracked 
|  72|0x0000000706c00000, 0x0000000706c00000, 0x0000000706d00000|  0%| F|  |TAMS 0x0000000706c00000, 0x0000000706c00000| Untracked 
|  73|0x0000000706d00000, 0x0000000706d00000, 0x0000000706e00000|  0%| F|  |TAMS 0x0000000706d00000, 0x0000000706d00000| Untracked 
|  74|0x0000000706e00000, 0x0000000706e00000, 0x0000000706f00000|  0%| F|  |TAMS 0x0000000706e00000, 0x0000000706e00000| Untracked 
|  75|0x0000000706f00000, 0x0000000706f00000, 0x0000000707000000|  0%| F|  |TAMS 0x0000000706f00000, 0x0000000706f00000| Untracked 
|  76|0x0000000707000000, 0x0000000707000000, 0x0000000707100000|  0%| F|  |TAMS 0x0000000707000000, 0x0000000707000000| Untracked 
|  77|0x0000000707100000, 0x0000000707100000, 0x0000000707200000|  0%| F|  |TAMS 0x0000000707100000, 0x0000000707100000| Untracked 
|  78|0x0000000707200000, 0x0000000707200000, 0x0000000707300000|  0%| F|  |TAMS 0x0000000707200000, 0x0000000707200000| Untracked 
|  79|0x0000000707300000, 0x0000000707300000, 0x0000000707400000|  0%| F|  |TAMS 0x0000000707300000, 0x0000000707300000| Untracked 
|  80|0x0000000707400000, 0x0000000707400000, 0x0000000707500000|  0%| F|  |TAMS 0x0000000707400000, 0x0000000707400000| Untracked 
|  81|0x0000000707500000, 0x0000000707500000, 0x0000000707600000|  0%| F|  |TAMS 0x0000000707500000, 0x0000000707500000| Untracked 
|  82|0x0000000707600000, 0x0000000707600000, 0x0000000707700000|  0%| F|  |TAMS 0x0000000707600000, 0x0000000707600000| Untracked 
|  83|0x0000000707700000, 0x0000000707700000, 0x0000000707800000|  0%| F|  |TAMS 0x0000000707700000, 0x0000000707700000| Untracked 
|  84|0x0000000707800000, 0x0000000707800000, 0x0000000707900000|  0%| F|  |TAMS 0x0000000707800000, 0x0000000707800000| Untracked 
|  85|0x0000000707900000, 0x0000000707900000, 0x0000000707a00000|  0%| F|  |TAMS 0x0000000707900000, 0x0000000707900000| Untracked 
|  86|0x0000000707a00000, 0x0000000707a00000, 0x0000000707b00000|  0%| F|  |TAMS 0x0000000707a00000, 0x0000000707a00000| Untracked 
|  87|0x0000000707b00000, 0x0000000707b00000, 0x0000000707c00000|  0%| F|  |TAMS 0x0000000707b00000, 0x0000000707b00000| Untracked 
|  88|0x0000000707c00000, 0x0000000707c00000, 0x0000000707d00000|  0%| F|  |TAMS 0x0000000707c00000, 0x0000000707c00000| Untracked 
|  89|0x0000000707d00000, 0x0000000707d00000, 0x0000000707e00000|  0%| F|  |TAMS 0x0000000707d00000, 0x0000000707d00000| Untracked 
|  90|0x0000000707e00000, 0x0000000707e00000, 0x0000000707f00000|  0%| F|  |TAMS 0x0000000707e00000, 0x0000000707e00000| Untracked 
|  91|0x0000000707f00000, 0x0000000707f00000, 0x0000000708000000|  0%| F|  |TAMS 0x0000000707f00000, 0x0000000707f00000| Untracked 
|  92|0x0000000708000000, 0x0000000708000000, 0x0000000708100000|  0%| F|  |TAMS 0x0000000708000000, 0x0000000708000000| Untracked 
|  93|0x0000000708100000, 0x0000000708100000, 0x0000000708200000|  0%| F|  |TAMS 0x0000000708100000, 0x0000000708100000| Untracked 
|  94|0x0000000708200000, 0x0000000708200000, 0x0000000708300000|  0%| F|  |TAMS 0x0000000708200000, 0x0000000708200000| Untracked 
|  95|0x0000000708300000, 0x0000000708300000, 0x0000000708400000|  0%| F|  |TAMS 0x0000000708300000, 0x0000000708300000| Untracked 
|  96|0x0000000708400000, 0x0000000708400000, 0x0000000708500000|  0%| F|  |TAMS 0x0000000708400000, 0x0000000708400000| Untracked 
|  97|0x0000000708500000, 0x0000000708500000, 0x0000000708600000|  0%| F|  |TAMS 0x0000000708500000, 0x0000000708500000| Untracked 
|  98|0x0000000708600000, 0x0000000708600000, 0x0000000708700000|  0%| F|  |TAMS 0x0000000708600000, 0x0000000708600000| Untracked 
|  99|0x0000000708700000, 0x0000000708700000, 0x0000000708800000|  0%| F|  |TAMS 0x0000000708700000, 0x0000000708700000| Untracked 
| 100|0x0000000708800000, 0x0000000708800000, 0x0000000708900000|  0%| F|  |TAMS 0x0000000708800000, 0x0000000708800000| Untracked 
| 101|0x0000000708900000, 0x0000000708900000, 0x0000000708a00000|  0%| F|  |TAMS 0x0000000708900000, 0x0000000708900000| Untracked 
| 102|0x0000000708a00000, 0x0000000708a00000, 0x0000000708b00000|  0%| F|  |TAMS 0x0000000708a00000, 0x0000000708a00000| Untracked 
| 103|0x0000000708b00000, 0x0000000708b00000, 0x0000000708c00000|  0%| F|  |TAMS 0x0000000708b00000, 0x0000000708b00000| Untracked 
| 104|0x0000000708c00000, 0x0000000708c00000, 0x0000000708d00000|  0%| F|  |TAMS 0x0000000708c00000, 0x0000000708c00000| Untracked 
| 105|0x0000000708d00000, 0x0000000708d00000, 0x0000000708e00000|  0%| F|  |TAMS 0x0000000708d00000, 0x0000000708d00000| Untracked 
| 106|0x0000000708e00000, 0x0000000708e00000, 0x0000000708f00000|  0%| F|  |TAMS 0x0000000708e00000, 0x0000000708e00000| Untracked 
| 107|0x0000000708f00000, 0x0000000708f00000, 0x0000000709000000|  0%| F|  |TAMS 0x0000000708f00000, 0x0000000708f00000| Untracked 
| 108|0x0000000709000000, 0x0000000709000000, 0x0000000709100000|  0%| F|  |TAMS 0x0000000709000000, 0x0000000709000000| Untracked 
| 109|0x0000000709100000, 0x0000000709100000, 0x0000000709200000|  0%| F|  |TAMS 0x0000000709100000, 0x0000000709100000| Untracked 
| 110|0x0000000709200000, 0x0000000709200000, 0x0000000709300000|  0%| F|  |TAMS 0x0000000709200000, 0x0000000709200000| Untracked 
| 111|0x0000000709300000, 0x0000000709300000, 0x0000000709400000|  0%| F|  |TAMS 0x0000000709300000, 0x0000000709300000| Untracked 
| 112|0x0000000709400000, 0x0000000709400000, 0x0000000709500000|  0%| F|  |TAMS 0x0000000709400000, 0x0000000709400000| Untracked 
| 113|0x0000000709500000, 0x0000000709500000, 0x0000000709600000|  0%| F|  |TAMS 0x0000000709500000, 0x0000000709500000| Untracked 
| 114|0x0000000709600000, 0x0000000709600000, 0x0000000709700000|  0%| F|  |TAMS 0x0000000709600000, 0x0000000709600000| Untracked 
| 115|0x0000000709700000, 0x0000000709700000, 0x0000000709800000|  0%| F|  |TAMS 0x0000000709700000, 0x0000000709700000| Untracked 
| 116|0x0000000709800000, 0x0000000709800000, 0x0000000709900000|  0%| F|  |TAMS 0x0000000709800000, 0x0000000709800000| Untracked 
| 117|0x0000000709900000, 0x0000000709900000, 0x0000000709a00000|  0%| F|  |TAMS 0x0000000709900000, 0x0000000709900000| Untracked 
| 118|0x0000000709a00000, 0x0000000709a00000, 0x0000000709b00000|  0%| F|  |TAMS 0x0000000709a00000, 0x0000000709a00000| Untracked 
| 119|0x0000000709b00000, 0x0000000709b00000, 0x0000000709c00000|  0%| F|  |TAMS 0x0000000709b00000, 0x0000000709b00000| Untracked 
| 120|0x0000000709c00000, 0x0000000709c00000, 0x0000000709d00000|  0%| F|  |TAMS 0x0000000709c00000, 0x0000000709c00000| Untracked 
| 121|0x0000000709d00000, 0x0000000709d00000, 0x0000000709e00000|  0%| F|  |TAMS 0x0000000709d00000, 0x0000000709d00000| Untracked 
| 122|0x0000000709e00000, 0x0000000709e00000, 0x0000000709f00000|  0%| F|  |TAMS 0x0000000709e00000, 0x0000000709e00000| Untracked 
| 123|0x0000000709f00000, 0x0000000709f00000, 0x000000070a000000|  0%| F|  |TAMS 0x0000000709f00000, 0x0000000709f00000| Untracked 
| 124|0x000000070a000000, 0x000000070a000000, 0x000000070a100000|  0%| F|  |TAMS 0x000000070a000000, 0x000000070a000000| Untracked 
| 125|0x000000070a100000, 0x000000070a100000, 0x000000070a200000|  0%| F|  |TAMS 0x000000070a100000, 0x000000070a100000| Untracked 
| 126|0x000000070a200000, 0x000000070a200000, 0x000000070a300000|  0%| F|  |TAMS 0x000000070a200000, 0x000000070a200000| Untracked 
| 127|0x000000070a300000, 0x000000070a300000, 0x000000070a400000|  0%| F|  |TAMS 0x000000070a300000, 0x000000070a300000| Untracked 
| 128|0x000000070a400000, 0x000000070a400000, 0x000000070a500000|  0%| F|  |TAMS 0x000000070a400000, 0x000000070a400000| Untracked 
| 129|0x000000070a500000, 0x000000070a500000, 0x000000070a600000|  0%| F|  |TAMS 0x000000070a500000, 0x000000070a500000| Untracked 
| 130|0x000000070a600000, 0x000000070a600000, 0x000000070a700000|  0%| F|  |TAMS 0x000000070a600000, 0x000000070a600000| Untracked 
| 131|0x000000070a700000, 0x000000070a700000, 0x000000070a800000|  0%| F|  |TAMS 0x000000070a700000, 0x000000070a700000| Untracked 
| 132|0x000000070a800000, 0x000000070a800000, 0x000000070a900000|  0%| F|  |TAMS 0x000000070a800000, 0x000000070a800000| Untracked 
| 133|0x000000070a900000, 0x000000070a900000, 0x000000070aa00000|  0%| F|  |TAMS 0x000000070a900000, 0x000000070a900000| Untracked 
| 134|0x000000070aa00000, 0x000000070aa00000, 0x000000070ab00000|  0%| F|  |TAMS 0x000000070aa00000, 0x000000070aa00000| Untracked 
| 135|0x000000070ab00000, 0x000000070ab00000, 0x000000070ac00000|  0%| F|  |TAMS 0x000000070ab00000, 0x000000070ab00000| Untracked 
| 136|0x000000070ac00000, 0x000000070ac00000, 0x000000070ad00000|  0%| F|  |TAMS 0x000000070ac00000, 0x000000070ac00000| Untracked 
| 137|0x000000070ad00000, 0x000000070ad00000, 0x000000070ae00000|  0%| F|  |TAMS 0x000000070ad00000, 0x000000070ad00000| Untracked 
| 138|0x000000070ae00000, 0x000000070ae00000, 0x000000070af00000|  0%| F|  |TAMS 0x000000070ae00000, 0x000000070ae00000| Untracked 
| 139|0x000000070af00000, 0x000000070afbe9f8, 0x000000070b000000| 74%| S|CS|TAMS 0x000000070af00000, 0x000000070af00000| Complete 
| 140|0x000000070b000000, 0x000000070b100000, 0x000000070b100000|100%| S|CS|TAMS 0x000000070b000000, 0x000000070b000000| Complete 
| 141|0x000000070b100000, 0x000000070b200000, 0x000000070b200000|100%| S|CS|TAMS 0x000000070b100000, 0x000000070b100000| Complete 
| 142|0x000000070b200000, 0x000000070b300000, 0x000000070b300000|100%| S|CS|TAMS 0x000000070b200000, 0x000000070b200000| Complete 
| 143|0x000000070b300000, 0x000000070b400000, 0x000000070b400000|100%| S|CS|TAMS 0x000000070b300000, 0x000000070b300000| Complete 
| 144|0x000000070b400000, 0x000000070b500000, 0x000000070b500000|100%| S|CS|TAMS 0x000000070b400000, 0x000000070b400000| Complete 
| 145|0x000000070b500000, 0x000000070b600000, 0x000000070b600000|100%| S|CS|TAMS 0x000000070b500000, 0x000000070b500000| Complete 
| 146|0x000000070b600000, 0x000000070b700000, 0x000000070b700000|100%| S|CS|TAMS 0x000000070b600000, 0x000000070b600000| Complete 
| 147|0x000000070b700000, 0x000000070b800000, 0x000000070b800000|100%| S|CS|TAMS 0x000000070b700000, 0x000000070b700000| Complete 
| 148|0x000000070b800000, 0x000000070b800000, 0x000000070b900000|  0%| F|  |TAMS 0x000000070b800000, 0x000000070b800000| Untracked 
| 149|0x000000070b900000, 0x000000070b900000, 0x000000070ba00000|  0%| F|  |TAMS 0x000000070b900000, 0x000000070b900000| Untracked 
| 150|0x000000070ba00000, 0x000000070ba00000, 0x000000070bb00000|  0%| F|  |TAMS 0x000000070ba00000, 0x000000070ba00000| Untracked 
| 151|0x000000070bb00000, 0x000000070bb00000, 0x000000070bc00000|  0%| F|  |TAMS 0x000000070bb00000, 0x000000070bb00000| Untracked 
| 152|0x000000070bc00000, 0x000000070bc00000, 0x000000070bd00000|  0%| F|  |TAMS 0x000000070bc00000, 0x000000070bc00000| Untracked 
| 153|0x000000070bd00000, 0x000000070bd00000, 0x000000070be00000|  0%| F|  |TAMS 0x000000070bd00000, 0x000000070bd00000| Untracked 
| 154|0x000000070be00000, 0x000000070be00000, 0x000000070bf00000|  0%| F|  |TAMS 0x000000070be00000, 0x000000070be00000| Untracked 
| 155|0x000000070bf00000, 0x000000070bf00000, 0x000000070c000000|  0%| F|  |TAMS 0x000000070bf00000, 0x000000070bf00000| Untracked 
| 156|0x000000070c000000, 0x000000070c000000, 0x000000070c100000|  0%| F|  |TAMS 0x000000070c000000, 0x000000070c000000| Untracked 
| 157|0x000000070c100000, 0x000000070c100000, 0x000000070c200000|  0%| F|  |TAMS 0x000000070c100000, 0x000000070c100000| Untracked 
| 158|0x000000070c200000, 0x000000070c200000, 0x000000070c300000|  0%| F|  |TAMS 0x000000070c200000, 0x000000070c200000| Untracked 
| 159|0x000000070c300000, 0x000000070c300000, 0x000000070c400000|  0%| F|  |TAMS 0x000000070c300000, 0x000000070c300000| Untracked 
| 160|0x000000070c400000, 0x000000070c400000, 0x000000070c500000|  0%| F|  |TAMS 0x000000070c400000, 0x000000070c400000| Untracked 
| 161|0x000000070c500000, 0x000000070c500000, 0x000000070c600000|  0%| F|  |TAMS 0x000000070c500000, 0x000000070c500000| Untracked 
| 162|0x000000070c600000, 0x000000070c600000, 0x000000070c700000|  0%| F|  |TAMS 0x000000070c600000, 0x000000070c600000| Untracked 
| 163|0x000000070c700000, 0x000000070c700000, 0x000000070c800000|  0%| F|  |TAMS 0x000000070c700000, 0x000000070c700000| Untracked 
| 164|0x000000070c800000, 0x000000070c800000, 0x000000070c900000|  0%| F|  |TAMS 0x000000070c800000, 0x000000070c800000| Untracked 
| 165|0x000000070c900000, 0x000000070c900000, 0x000000070ca00000|  0%| F|  |TAMS 0x000000070c900000, 0x000000070c900000| Untracked 
| 166|0x000000070ca00000, 0x000000070ca00000, 0x000000070cb00000|  0%| F|  |TAMS 0x000000070ca00000, 0x000000070ca00000| Untracked 
| 167|0x000000070cb00000, 0x000000070cb00000, 0x000000070cc00000|  0%| F|  |TAMS 0x000000070cb00000, 0x000000070cb00000| Untracked 
| 168|0x000000070cc00000, 0x000000070cc00000, 0x000000070cd00000|  0%| F|  |TAMS 0x000000070cc00000, 0x000000070cc00000| Untracked 
| 169|0x000000070cd00000, 0x000000070cd00000, 0x000000070ce00000|  0%| F|  |TAMS 0x000000070cd00000, 0x000000070cd00000| Untracked 
| 170|0x000000070ce00000, 0x000000070ce00000, 0x000000070cf00000|  0%| F|  |TAMS 0x000000070ce00000, 0x000000070ce00000| Untracked 
| 171|0x000000070cf00000, 0x000000070cf00000, 0x000000070d000000|  0%| F|  |TAMS 0x000000070cf00000, 0x000000070cf00000| Untracked 
| 172|0x000000070d000000, 0x000000070d000000, 0x000000070d100000|  0%| F|  |TAMS 0x000000070d000000, 0x000000070d000000| Untracked 
| 173|0x000000070d100000, 0x000000070d100000, 0x000000070d200000|  0%| F|  |TAMS 0x000000070d100000, 0x000000070d100000| Untracked 
| 174|0x000000070d200000, 0x000000070d300000, 0x000000070d300000|100%| E|  |TAMS 0x000000070d200000, 0x000000070d200000| Complete 
| 175|0x000000070d300000, 0x000000070d400000, 0x000000070d400000|100%| E|CS|TAMS 0x000000070d300000, 0x000000070d300000| Complete 
| 176|0x000000070d400000, 0x000000070d500000, 0x000000070d500000|100%| E|CS|TAMS 0x000000070d400000, 0x000000070d400000| Complete 
| 177|0x000000070d500000, 0x000000070d600000, 0x000000070d600000|100%| E|CS|TAMS 0x000000070d500000, 0x000000070d500000| Complete 
| 178|0x000000070d600000, 0x000000070d700000, 0x000000070d700000|100%| E|CS|TAMS 0x000000070d600000, 0x000000070d600000| Complete 
| 179|0x000000070d700000, 0x000000070d800000, 0x000000070d800000|100%| E|CS|TAMS 0x000000070d700000, 0x000000070d700000| Complete 
| 180|0x000000070d800000, 0x000000070d900000, 0x000000070d900000|100%| E|CS|TAMS 0x000000070d800000, 0x000000070d800000| Complete 
| 181|0x000000070d900000, 0x000000070da00000, 0x000000070da00000|100%| E|CS|TAMS 0x000000070d900000, 0x000000070d900000| Complete 
| 182|0x000000070da00000, 0x000000070db00000, 0x000000070db00000|100%| E|CS|TAMS 0x000000070da00000, 0x000000070da00000| Complete 
| 183|0x000000070db00000, 0x000000070dc00000, 0x000000070dc00000|100%| E|CS|TAMS 0x000000070db00000, 0x000000070db00000| Complete 
| 184|0x000000070dc00000, 0x000000070dd00000, 0x000000070dd00000|100%| E|CS|TAMS 0x000000070dc00000, 0x000000070dc00000| Complete 
| 185|0x000000070dd00000, 0x000000070de00000, 0x000000070de00000|100%| E|CS|TAMS 0x000000070dd00000, 0x000000070dd00000| Complete 
| 186|0x000000070de00000, 0x000000070df00000, 0x000000070df00000|100%| E|CS|TAMS 0x000000070de00000, 0x000000070de00000| Complete 
| 187|0x000000070df00000, 0x000000070e000000, 0x000000070e000000|100%| E|CS|TAMS 0x000000070df00000, 0x000000070df00000| Complete 
| 188|0x000000070e000000, 0x000000070e100000, 0x000000070e100000|100%| E|CS|TAMS 0x000000070e000000, 0x000000070e000000| Complete 
| 189|0x000000070e100000, 0x000000070e200000, 0x000000070e200000|100%| E|CS|TAMS 0x000000070e100000, 0x000000070e100000| Complete 
| 190|0x000000070e200000, 0x000000070e300000, 0x000000070e300000|100%| E|CS|TAMS 0x000000070e200000, 0x000000070e200000| Complete 
| 191|0x000000070e300000, 0x000000070e400000, 0x000000070e400000|100%| E|CS|TAMS 0x000000070e300000, 0x000000070e300000| Complete 
| 192|0x000000070e400000, 0x000000070e500000, 0x000000070e500000|100%| E|CS|TAMS 0x000000070e400000, 0x000000070e400000| Complete 
| 193|0x000000070e500000, 0x000000070e600000, 0x000000070e600000|100%| E|CS|TAMS 0x000000070e500000, 0x000000070e500000| Complete 
| 194|0x000000070e600000, 0x000000070e700000, 0x000000070e700000|100%| E|CS|TAMS 0x000000070e600000, 0x000000070e600000| Complete 
| 195|0x000000070e700000, 0x000000070e800000, 0x000000070e800000|100%| E|CS|TAMS 0x000000070e700000, 0x000000070e700000| Complete 
| 196|0x000000070e800000, 0x000000070e900000, 0x000000070e900000|100%| E|CS|TAMS 0x000000070e800000, 0x000000070e800000| Complete 
| 197|0x000000070e900000, 0x000000070ea00000, 0x000000070ea00000|100%| E|CS|TAMS 0x000000070e900000, 0x000000070e900000| Complete 
| 198|0x000000070ea00000, 0x000000070eb00000, 0x000000070eb00000|100%| E|CS|TAMS 0x000000070ea00000, 0x000000070ea00000| Complete 
| 199|0x000000070eb00000, 0x000000070ec00000, 0x000000070ec00000|100%| E|CS|TAMS 0x000000070eb00000, 0x000000070eb00000| Complete 
| 200|0x000000070ec00000, 0x000000070ed00000, 0x000000070ed00000|100%| E|CS|TAMS 0x000000070ec00000, 0x000000070ec00000| Complete 
| 201|0x000000070ed00000, 0x000000070ee00000, 0x000000070ee00000|100%| E|CS|TAMS 0x000000070ed00000, 0x000000070ed00000| Complete 
| 202|0x000000070ee00000, 0x000000070ef00000, 0x000000070ef00000|100%| E|CS|TAMS 0x000000070ee00000, 0x000000070ee00000| Complete 
| 203|0x000000070ef00000, 0x000000070f000000, 0x000000070f000000|100%| E|CS|TAMS 0x000000070ef00000, 0x000000070ef00000| Complete 
| 204|0x000000070f000000, 0x000000070f100000, 0x000000070f100000|100%| E|CS|TAMS 0x000000070f000000, 0x000000070f000000| Complete 
| 205|0x000000070f100000, 0x000000070f200000, 0x000000070f200000|100%| E|CS|TAMS 0x000000070f100000, 0x000000070f100000| Complete 
| 206|0x000000070f200000, 0x000000070f300000, 0x000000070f300000|100%| E|CS|TAMS 0x000000070f200000, 0x000000070f200000| Complete 
| 207|0x000000070f300000, 0x000000070f400000, 0x000000070f400000|100%| E|CS|TAMS 0x000000070f300000, 0x000000070f300000| Complete 
| 208|0x000000070f400000, 0x000000070f500000, 0x000000070f500000|100%| E|CS|TAMS 0x000000070f400000, 0x000000070f400000| Complete 
| 209|0x000000070f500000, 0x000000070f600000, 0x000000070f600000|100%| E|CS|TAMS 0x000000070f500000, 0x000000070f500000| Complete 
| 210|0x000000070f600000, 0x000000070f700000, 0x000000070f700000|100%| E|CS|TAMS 0x000000070f600000, 0x000000070f600000| Complete 
| 211|0x000000070f700000, 0x000000070f800000, 0x000000070f800000|100%| E|CS|TAMS 0x000000070f700000, 0x000000070f700000| Complete 
| 212|0x000000070f800000, 0x000000070f900000, 0x000000070f900000|100%| E|CS|TAMS 0x000000070f800000, 0x000000070f800000| Complete 
| 213|0x000000070f900000, 0x000000070fa00000, 0x000000070fa00000|100%| E|CS|TAMS 0x000000070f900000, 0x000000070f900000| Complete 
| 214|0x000000070fa00000, 0x000000070fb00000, 0x000000070fb00000|100%| E|CS|TAMS 0x000000070fa00000, 0x000000070fa00000| Complete 
| 215|0x000000070fb00000, 0x000000070fc00000, 0x000000070fc00000|100%| E|CS|TAMS 0x000000070fb00000, 0x000000070fb00000| Complete 
| 216|0x000000070fc00000, 0x000000070fd00000, 0x000000070fd00000|100%| E|CS|TAMS 0x000000070fc00000, 0x000000070fc00000| Complete 
| 217|0x000000070fd00000, 0x000000070fe00000, 0x000000070fe00000|100%| E|CS|TAMS 0x000000070fd00000, 0x000000070fd00000| Complete 
| 218|0x000000070fe00000, 0x000000070ff00000, 0x000000070ff00000|100%| E|CS|TAMS 0x000000070fe00000, 0x000000070fe00000| Complete 
| 219|0x000000070ff00000, 0x0000000710000000, 0x0000000710000000|100%| E|CS|TAMS 0x000000070ff00000, 0x000000070ff00000| Complete 
| 220|0x0000000710000000, 0x0000000710100000, 0x0000000710100000|100%| E|CS|TAMS 0x0000000710000000, 0x0000000710000000| Complete 
| 221|0x0000000710100000, 0x0000000710200000, 0x0000000710200000|100%| E|CS|TAMS 0x0000000710100000, 0x0000000710100000| Complete 
| 222|0x0000000710200000, 0x0000000710300000, 0x0000000710300000|100%| E|CS|TAMS 0x0000000710200000, 0x0000000710200000| Complete 
| 223|0x0000000710300000, 0x0000000710400000, 0x0000000710400000|100%| E|CS|TAMS 0x0000000710300000, 0x0000000710300000| Complete 
| 224|0x0000000710400000, 0x0000000710500000, 0x0000000710500000|100%| E|CS|TAMS 0x0000000710400000, 0x0000000710400000| Complete 
| 225|0x0000000710500000, 0x0000000710600000, 0x0000000710600000|100%| E|CS|TAMS 0x0000000710500000, 0x0000000710500000| Complete 
| 226|0x0000000710600000, 0x0000000710700000, 0x0000000710700000|100%| E|CS|TAMS 0x0000000710600000, 0x0000000710600000| Complete 
| 227|0x0000000710700000, 0x0000000710800000, 0x0000000710800000|100%| E|CS|TAMS 0x0000000710700000, 0x0000000710700000| Complete 
| 228|0x0000000710800000, 0x0000000710900000, 0x0000000710900000|100%| E|CS|TAMS 0x0000000710800000, 0x0000000710800000| Complete 
| 229|0x0000000710900000, 0x0000000710a00000, 0x0000000710a00000|100%| E|CS|TAMS 0x0000000710900000, 0x0000000710900000| Complete 
| 230|0x0000000710a00000, 0x0000000710b00000, 0x0000000710b00000|100%| E|CS|TAMS 0x0000000710a00000, 0x0000000710a00000| Complete 
| 231|0x0000000710b00000, 0x0000000710c00000, 0x0000000710c00000|100%| E|CS|TAMS 0x0000000710b00000, 0x0000000710b00000| Complete 
| 232|0x0000000710c00000, 0x0000000710d00000, 0x0000000710d00000|100%| E|CS|TAMS 0x0000000710c00000, 0x0000000710c00000| Complete 
| 233|0x0000000710d00000, 0x0000000710e00000, 0x0000000710e00000|100%| E|CS|TAMS 0x0000000710d00000, 0x0000000710d00000| Complete 
| 234|0x0000000710e00000, 0x0000000710f00000, 0x0000000710f00000|100%| E|CS|TAMS 0x0000000710e00000, 0x0000000710e00000| Complete 
| 235|0x0000000710f00000, 0x0000000711000000, 0x0000000711000000|100%| E|CS|TAMS 0x0000000710f00000, 0x0000000710f00000| Complete 
| 236|0x0000000711000000, 0x0000000711100000, 0x0000000711100000|100%| E|CS|TAMS 0x0000000711000000, 0x0000000711000000| Complete 
| 237|0x0000000711100000, 0x0000000711200000, 0x0000000711200000|100%| E|CS|TAMS 0x0000000711100000, 0x0000000711100000| Complete 
| 238|0x0000000711200000, 0x0000000711300000, 0x0000000711300000|100%| E|CS|TAMS 0x0000000711200000, 0x0000000711200000| Complete 
| 239|0x0000000711300000, 0x0000000711400000, 0x0000000711400000|100%| E|CS|TAMS 0x0000000711300000, 0x0000000711300000| Complete 
| 240|0x0000000711400000, 0x0000000711500000, 0x0000000711500000|100%| E|CS|TAMS 0x0000000711400000, 0x0000000711400000| Complete 
| 241|0x0000000711500000, 0x0000000711600000, 0x0000000711600000|100%| E|CS|TAMS 0x0000000711500000, 0x0000000711500000| Complete 
| 242|0x0000000711600000, 0x0000000711700000, 0x0000000711700000|100%| E|CS|TAMS 0x0000000711600000, 0x0000000711600000| Complete 
| 243|0x0000000711700000, 0x0000000711800000, 0x0000000711800000|100%| E|CS|TAMS 0x0000000711700000, 0x0000000711700000| Complete 
| 244|0x0000000711800000, 0x0000000711900000, 0x0000000711900000|100%| E|CS|TAMS 0x0000000711800000, 0x0000000711800000| Complete 
| 245|0x0000000711900000, 0x0000000711a00000, 0x0000000711a00000|100%| E|CS|TAMS 0x0000000711900000, 0x0000000711900000| Complete 
| 246|0x0000000711a00000, 0x0000000711b00000, 0x0000000711b00000|100%| E|CS|TAMS 0x0000000711a00000, 0x0000000711a00000| Complete 
| 247|0x0000000711b00000, 0x0000000711c00000, 0x0000000711c00000|100%| E|CS|TAMS 0x0000000711b00000, 0x0000000711b00000| Complete 
| 248|0x0000000711c00000, 0x0000000711d00000, 0x0000000711d00000|100%| E|CS|TAMS 0x0000000711c00000, 0x0000000711c00000| Complete 
| 249|0x0000000711d00000, 0x0000000711e00000, 0x0000000711e00000|100%| E|CS|TAMS 0x0000000711d00000, 0x0000000711d00000| Complete 
| 250|0x0000000711e00000, 0x0000000711f00000, 0x0000000711f00000|100%| E|CS|TAMS 0x0000000711e00000, 0x0000000711e00000| Complete 
| 251|0x0000000711f00000, 0x0000000712000000, 0x0000000712000000|100%| E|CS|TAMS 0x0000000711f00000, 0x0000000711f00000| Complete 
| 252|0x0000000712000000, 0x0000000712100000, 0x0000000712100000|100%| E|CS|TAMS 0x0000000712000000, 0x0000000712000000| Complete 
| 253|0x0000000712100000, 0x0000000712200000, 0x0000000712200000|100%| E|CS|TAMS 0x0000000712100000, 0x0000000712100000| Complete 

Card table byte_map: [0x0000021bfc360000,0x0000021bfcb50000] _byte_map_base: 0x0000021bf8b4e000

Marking Bits (Prev, Next): (CMBitMap*) 0x0000021bf335b840, (CMBitMap*) 0x0000021bf335b808
 Prev Bits: [0x0000021b92f70000, 0x0000021b96ee0000)
 Next Bits: [0x0000021b8f000000, 0x0000021b92f70000)

Polling page: 0x0000021bf1220000

Metaspace:

Usage:
  Non-class:     23.43 MB capacity,    23.16 MB ( 99%) used,   239.22 KB ( <1%) free+waste,    35.63 KB ( <1%) overhead. 
      Class:      2.84 MB capacity,     2.67 MB ( 94%) used,   156.04 KB (  5%) free+waste,    14.50 KB ( <1%) overhead. 
       Both:     26.27 MB capacity,    25.84 MB ( 98%) used,   395.26 KB (  1%) free+waste,    50.13 KB ( <1%) overhead. 

Virtual space:
  Non-class space:       24.00 MB reserved,      23.67 MB ( 99%) committed 
      Class space:        1.00 GB reserved,       2.88 MB ( <1%) committed 
             Both:        1.02 GB reserved,      26.55 MB (  3%) committed 

Chunk freelists:
   Non-Class:  6.75 KB
       Class:  384 bytes
        Both:  7.13 KB

CodeHeap 'non-profiled nmethods': size=120000Kb used=3408Kb max_used=3408Kb free=116591Kb
 bounds [0x0000021b87ad0000, 0x0000021b87e30000, 0x0000021b8f000000]
CodeHeap 'profiled nmethods': size=120000Kb used=10457Kb max_used=10457Kb free=109542Kb
 bounds [0x0000021b805a0000, 0x0000021b80fe0000, 0x0000021b87ad0000]
CodeHeap 'non-nmethods': size=5760Kb used=1213Kb max_used=1265Kb free=4546Kb
 bounds [0x0000021b80000000, 0x0000021b80270000, 0x0000021b805a0000]
 total_blobs=5897 nmethods=4180 adapters=361
 compilation: enabled
              stopped_count=0, restarted_count=0
 full_count=0

Compilation events (10 events):
Event: 11.385 Thread 0x0000021b979fe000 nmethod 4274 0x0000021b80fd3990 code [0x0000021b80fd3d60, 0x0000021b80fd5b90]
Event: 11.385 Thread 0x0000021b979fe000 4275       3       java.util.Collections$EmptyList::iterator (4 bytes)
Event: 11.385 Thread 0x0000021b979fe000 nmethod 4275 0x0000021b80fd6590 code [0x0000021b80fd6740, 0x0000021b80fd68f8]
Event: 11.391 Thread 0x0000021b979fe000 4276       3       java.nio.HeapByteBuffer::get (14 bytes)
Event: 11.391 Thread 0x0000021b979fe000 nmethod 4276 0x0000021b80fd6990 code [0x0000021b80fd6b80, 0x0000021b80fd6ed0]
Event: 11.392 Thread 0x0000021b979fe000 4277       3       jdk.internal.perf.PerfCounter::getParentDelegationTime (4 bytes)
Event: 11.392 Thread 0x0000021b979fe000 nmethod 4277 0x0000021b805d2590 code [0x0000021b805d2740, 0x0000021b805d2898]
Event: 11.392 Thread 0x0000021b979fe000 4278       3       jdk.internal.perf.PerfCounter::addTime (6 bytes)
Event: 11.392 Thread 0x0000021b979fe000 nmethod 4278 0x0000021b80fd7090 code [0x0000021b80fd7280, 0x0000021b80fd7a00]
Event: 11.395 Thread 0x0000021b9977c000 nmethod 4271 0x0000021b87e22790 code [0x0000021b87e229a0, 0x0000021b87e23788]

GC Heap History (6 events):
Event: 4.140 GC heap before
{Heap before GC invocations=0 (full 0):
 garbage-first heap   total 260096K, used 24576K [0x0000000702400000, 0x0000000800000000)
  region size 1024K, 24 young (24576K), 0 survivors (0K)
 Metaspace       used 13114K, capacity 13392K, committed 13568K, reserved 1060864K
  class space    used 1337K, capacity 1429K, committed 1536K, reserved 1048576K
}
Event: 4.143 GC heap after
{Heap after GC invocations=1 (full 0):
 garbage-first heap   total 260096K, used 3533K [0x0000000702400000, 0x0000000800000000)
  region size 1024K, 3 young (3072K), 3 survivors (3072K)
 Metaspace       used 13114K, capacity 13392K, committed 13568K, reserved 1060864K
  class space    used 1337K, capacity 1429K, committed 1536K, reserved 1048576K
}
Event: 5.094 GC heap before
{Heap before GC invocations=1 (full 0):
 garbage-first heap   total 260096K, used 95693K [0x0000000702400000, 0x0000000800000000)
  region size 1024K, 94 young (96256K), 3 survivors (3072K)
 Metaspace       used 20851K, capacity 21117K, committed 21296K, reserved 1069056K
  class space    used 2211K, capacity 2325K, committed 2432K, reserved 1048576K
}
Event: 5.109 GC heap after
{Heap after GC invocations=2 (full 0):
 garbage-first heap   total 260096K, used 10773K [0x0000000702400000, 0x0000000800000000)
  region size 1024K, 11 young (11264K), 11 survivors (11264K)
 Metaspace       used 20851K, capacity 21117K, committed 21296K, reserved 1069056K
  class space    used 2211K, capacity 2325K, committed 2432K, reserved 1048576K
}
Event: 6.662 GC heap before
{Heap before GC invocations=3 (full 0):
 garbage-first heap   total 260096K, used 108053K [0x0000000702400000, 0x0000000800000000)
  region size 1024K, 106 young (108544K), 11 survivors (11264K)
 Metaspace       used 21795K, capacity 22152K, committed 22320K, reserved 1069056K
  class space    used 2259K, capacity 2368K, committed 2432K, reserved 1048576K
}
Event: 6.672 GC heap after
{Heap after GC invocations=4 (full 0):
 garbage-first heap   total 260096K, used 19594K [0x0000000702400000, 0x0000000800000000)
  region size 1024K, 9 young (9216K), 9 survivors (9216K)
 Metaspace       used 21795K, capacity 22152K, committed 22320K, reserved 1069056K
  class space    used 2259K, capacity 2368K, committed 2432K, reserved 1048576K
}

Deoptimization events (10 events):
Event: 11.137 Thread 0x0000021bf32f9000 Uncommon trap: reason=unstable_if action=reinterpret pc=0x0000021b87d96a64 method=org.apache.maven.model.Contributor.clone()Lorg/apache/maven/model/Contributor; @ 65 c2
Event: 11.139 Thread 0x0000021bf32f9000 Uncommon trap: reason=unstable_if action=reinterpret pc=0x0000021b87bf115c method=java.lang.String.trim()Ljava/lang/String; @ 4 c2
Event: 11.196 Thread 0x0000021bf32f9000 Uncommon trap: reason=unstable_if action=reinterpret pc=0x0000021b87b1df34 method=java.util.concurrent.ConcurrentHashMap.get(Ljava/lang/Object;)Ljava/lang/Object; @ 76 c2
Event: 11.296 Thread 0x0000021bf32f9000 Uncommon trap: reason=unstable_if action=reinterpret pc=0x0000021b87de9e84 method=java.util.zip.InflaterInputStream.read([BII)I @ 41 c2
Event: 11.301 Thread 0x0000021bf32f9000 Uncommon trap: reason=unstable_if action=reinterpret pc=0x0000021b87d747d4 method=java.util.jar.Manifest$FastInputStream.readLine([BII)I @ 106 c2
Event: 11.397 Thread 0x0000021bf32f9000 Uncommon trap: reason=bimorphic_or_optimized_type_check action=maybe_recompile pc=0x0000021b87c04668 method=java.util.regex.Pattern$CharPropertyGreedy.match(Ljava/util/regex/Matcher;ILjava/lang/CharSequence;)Z @ 28 c2
Event: 11.397 Thread 0x0000021bf32f9000 Uncommon trap: reason=bimorphic_or_optimized_type_check action=maybe_recompile pc=0x0000021b87d98a28 method=java.util.regex.Pattern$CharPredicate.lambda$negate$3(I)Z @ 2 c2
Event: 11.397 Thread 0x0000021bf32f9000 Uncommon trap: reason=bimorphic_or_optimized_type_check action=maybe_recompile pc=0x0000021b87d98a28 method=java.util.regex.Pattern$CharPredicate.lambda$negate$3(I)Z @ 2 c2
Event: 11.397 Thread 0x0000021bf32f9000 Uncommon trap: reason=bimorphic_or_optimized_type_check action=maybe_recompile pc=0x0000021b87d98a28 method=java.util.regex.Pattern$CharPredicate.lambda$negate$3(I)Z @ 2 c2
Event: 11.397 Thread 0x0000021bf32f9000 Uncommon trap: reason=bimorphic_or_optimized_type_check action=maybe_recompile pc=0x0000021b87d98a28 method=java.util.regex.Pattern$CharPredicate.lambda$negate$3(I)Z @ 2 c2

Classes redefined (8 events):
Event: 79.281 Thread 0x0000021b970d2800 redefined class name=nl.quintor.studybits.IntegrationTests.FactoryTest, count=1
Event: 304.565 Thread 0x0000021b970d2800 redefined class name=nl.quintor.studybits.IntegrationTests.FactoryTest, count=2
Event: 334.603 Thread 0x0000021b970d2800 redefined class name=nl.quintor.studybits.IntegrationTests.FactoryTest, count=3
Event: 1923.209 Thread 0x0000021b970d2800 redefined class name=nl.quintor.studybits.IntegrationTests.FactoryTest, count=4
Event: 2029.650 Thread 0x0000021b970d2800 redefined class name=nl.quintor.studybits.IntegrationTests.FactoryTest, count=5
Event: 2117.448 Thread 0x0000021b970d2800 redefined class name=nl.quintor.studybits.IntegrationTests.FactoryTest, count=6
Event: 2144.148 Thread 0x0000021b970d2800 redefined class name=nl.quintor.studybits.IntegrationTests.FactoryTest, count=7
Event: 2159.135 Thread 0x0000021b970d2800 redefined class name=nl.quintor.studybits.IntegrationTests.FactoryTest, count=8

Internal exceptions (10 events):
Event: 5.535 Thread 0x0000021bf32f9000 Implicit null exception at 0x0000021b87b662af to 0x0000021b87b6632d
Event: 5.536 Thread 0x0000021bf32f9000 Implicit null exception at 0x0000021b87bfb5a7 to 0x0000021b87bfb97a
Event: 5.536 Thread 0x0000021bf32f9000 Implicit null exception at 0x0000021b87b22a7c to 0x0000021b87b23d52
Event: 11.097 Thread 0x0000021bf32f9000 Exception <a 'java/lang/NoSuchMethodError'{0x000000070f59b6c0}: org.apache.maven.execution.MavenExecutionRequest.getFailureBehavior()Ljava/lang/String;> (0x000000070f59b6c0) thrown at [t:/workspace/open/src/hotspot/share/interpreter/linkResolver.cpp, line
Event: 11.101 Thread 0x0000021b996ec000 Exception <a 'java/lang/NoSuchMethodError'{0x000000070f400450}: java.lang.invoke.DirectMethodHandle$Holder.invokeStaticInit(Ljava/lang/Object;Ljava/lang/Object;JLjava/lang/Object;)Ljava/lang/Object;> (0x000000070f400450) thrown at [t:/workspace/open/src/h
Event: 11.102 Thread 0x0000021b996ec000 Exception <a 'java/lang/NoSuchMethodError'{0x000000070f40c830}: java.lang.invoke.Invokers$Holder.linkToTargetMethod(Ljava/lang/Object;JLjava/lang/Object;)Ljava/lang/Object;> (0x000000070f40c830) thrown at [t:/workspace/open/src/hotspot/share/interpreter/l
Event: 11.122 Thread 0x0000021bf32f9000 Implicit null exception at 0x0000021b87ca310a to 0x0000021b87ca3ae6
Event: 11.343 Thread 0x0000021bf32f9000 Exception <a 'java/lang/NoSuchMethodError'{0x000000070d8e7490}: org.junit.runner.Description.createSuiteDescription(Ljava/lang/String;)Lorg/junit/runner/Description;> (0x000000070d8e7490) thrown at [t:/workspace/open/src/hotspot/share/interpreter/linkReso
Event: 11.343 Thread 0x0000021bf32f9000 Exception <a 'java/lang/NoSuchMethodError'{0x000000070d8ec890}: org.junit.runner.Description.createSuiteDescription(Ljava/lang/String;)Lorg/junit/runner/Description;> (0x000000070d8ec890) thrown at [t:/workspace/open/src/hotspot/share/interpreter/linkReso
Event: 11.351 Thread 0x0000021bf32f9000 Exception <a 'java/lang/NoSuchMethodError'{0x000000070d73e530}: java.lang.invoke.DirectMethodHandle$Holder.invokeStaticInit(Ljava/lang/Object;Ljava/lang/Object;Ljava/lang/Object;)Ljava/lang/Object;> (0x000000070d73e530) thrown at [t:/workspace/open/src/ho

Events (10 events):
Event: 2159.137 Executing VM operation: RedefineClasses done
Event: 2159.138 Executing VM operation: GetFrameCount
Event: 2159.138 Executing VM operation: GetFrameCount done
Event: 2159.138 Executing VM operation: GetFrameCount
Event: 2159.138 Executing VM operation: GetFrameCount done
Event: 2159.139 Executing VM operation: GetStackTrace
Event: 2159.139 Executing VM operation: GetStackTrace done
Event: 2159.139 Executing VM operation: GetFrameLocation
Event: 2159.139 Executing VM operation: GetFrameLocation done
Event: 2159.139 Executing VM operation: GetOrSetLocal


Dynamic libraries:
0x00007ff69dd60000 - 0x00007ff69dda7000 	C:\Program Files\Java\jdk-11.0.2\bin\java.exe
0x00007ff8ff940000 - 0x00007ff8ffb21000 	C:\Windows\SYSTEM32\ntdll.dll
0x00007ff8ff4f0000 - 0x00007ff8ff5a2000 	C:\Windows\System32\KERNEL32.DLL
0x00007ff8fc270000 - 0x00007ff8fc4e3000 	C:\Windows\System32\KERNELBASE.dll
0x00007ff8ff5b0000 - 0x00007ff8ff651000 	C:\Windows\System32\ADVAPI32.dll
0x00007ff8fcdd0000 - 0x00007ff8fce6e000 	C:\Windows\System32\msvcrt.dll
0x00007ff8ff660000 - 0x00007ff8ff6bb000 	C:\Windows\System32\sechost.dll
0x00007ff8fcf20000 - 0x00007ff8fd044000 	C:\Windows\System32\RPCRT4.dll
0x00007ff8ff010000 - 0x00007ff8ff1a0000 	C:\Windows\System32\USER32.dll
0x00007ff8fbeb0000 - 0x00007ff8fbed0000 	C:\Windows\System32\win32u.dll
0x00007ff8ff8e0000 - 0x00007ff8ff908000 	C:\Windows\System32\GDI32.dll
0x00007ff8fbd10000 - 0x00007ff8fbea2000 	C:\Windows\System32\gdi32full.dll
0x00007ff8fc570000 - 0x00007ff8fc60f000 	C:\Windows\System32\msvcp_win.dll
0x00007ff8fbed0000 - 0x00007ff8fbfc8000 	C:\Windows\System32\ucrtbase.dll
0x00007ff8de1c0000 - 0x00007ff8de429000 	C:\Windows\WinSxS\amd64_microsoft.windows.common-controls_6595b64144ccf1df_6.0.17134.648_none_fb45a0e93062a6d2\COMCTL32.dll
0x00007ff8f2be0000 - 0x00007ff8f2bea000 	C:\Windows\SYSTEM32\VERSION.dll
0x00007ff8fd190000 - 0x00007ff8fd4b2000 	C:\Windows\System32\combase.dll
0x00007ff8fc4f0000 - 0x00007ff8fc56a000 	C:\Windows\System32\bcryptPrimitives.dll
0x00007ff8fd160000 - 0x00007ff8fd18d000 	C:\Windows\System32\IMM32.DLL
0x00007ff8f3030000 - 0x00007ff8f3046000 	C:\Program Files\Java\jdk-11.0.2\bin\vcruntime140.dll
0x00007ff8daaf0000 - 0x00007ff8dab9a000 	C:\Program Files\Java\jdk-11.0.2\bin\msvcp140.dll
0x00007ff8bf4a0000 - 0x00007ff8bffc7000 	C:\Program Files\Java\jdk-11.0.2\bin\server\jvm.dll
0x00007ff8ff410000 - 0x00007ff8ff418000 	C:\Windows\System32\PSAPI.DLL
0x00007ff8e58c0000 - 0x00007ff8e58c9000 	C:\Windows\SYSTEM32\WSOCK32.dll
0x00007ff8f5710000 - 0x00007ff8f5733000 	C:\Windows\SYSTEM32\WINMM.dll
0x00007ff8ff860000 - 0x00007ff8ff8cc000 	C:\Windows\System32\WS2_32.dll
0x00007ff8f5670000 - 0x00007ff8f569a000 	C:\Windows\SYSTEM32\winmmbase.dll
0x00007ff8fbfd0000 - 0x00007ff8fc019000 	C:\Windows\System32\cfgmgr32.dll
0x00007ff8fbcf0000 - 0x00007ff8fbd01000 	C:\Windows\System32\kernel.appcore.dll
0x00007ff8f2d90000 - 0x00007ff8f2da1000 	C:\Program Files\Java\jdk-11.0.2\bin\verify.dll
0x00007ff8f7730000 - 0x00007ff8f78f9000 	C:\Windows\SYSTEM32\DBGHELP.DLL
0x00007ff8e1a20000 - 0x00007ff8e1a49000 	C:\Windows\SYSTEM32\dbgcore.DLL
0x00007ff8dc850000 - 0x00007ff8dc879000 	C:\Program Files\Java\jdk-11.0.2\bin\java.dll
0x00007ff8d91e0000 - 0x00007ff8d9217000 	C:\Program Files\Java\jdk-11.0.2\bin\jdwp.dll
0x00007ff8daaa0000 - 0x00007ff8daacf000 	C:\Program Files\Java\jdk-11.0.2\bin\instrument.dll
0x00007ff8daad0000 - 0x00007ff8daae6000 	C:\Program Files\Java\jdk-11.0.2\bin\zip.dll
0x00007ff8f5790000 - 0x00007ff8f579a000 	C:\Program Files\Java\jdk-11.0.2\bin\jimage.dll
0x00007ff8fd4c0000 - 0x00007ff8fe900000 	C:\Windows\System32\SHELL32.dll
0x00007ff8ff360000 - 0x00007ff8ff409000 	C:\Windows\System32\shcore.dll
0x00007ff8fc6c0000 - 0x00007ff8fcdcd000 	C:\Windows\System32\windows.storage.dll
0x00007ff8feb60000 - 0x00007ff8febb1000 	C:\Windows\System32\shlwapi.dll
0x00007ff8fbcd0000 - 0x00007ff8fbcef000 	C:\Windows\System32\profapi.dll
0x00007ff8fbc80000 - 0x00007ff8fbccc000 	C:\Windows\System32\powrprof.dll
0x00007ff8fbc70000 - 0x00007ff8fbc7a000 	C:\Windows\System32\FLTLIB.DLL
0x00007ff8f3050000 - 0x00007ff8f305a000 	C:\Program Files\Java\jdk-11.0.2\bin\dt_socket.dll
0x00007ff8fb4d0000 - 0x00007ff8fb536000 	C:\Windows\system32\mswsock.dll
0x00007ff8d9600000 - 0x00007ff8d9619000 	C:\Program Files\Java\jdk-11.0.2\bin\net.dll
0x00007ff8eb570000 - 0x00007ff8eb64d000 	C:\Windows\SYSTEM32\WINHTTP.dll
0x00007ff8e3370000 - 0x00007ff8e3538000 	C:\Windows\SYSTEM32\urlmon.dll
0x00007ff8e4d10000 - 0x00007ff8e4fb5000 	C:\Windows\SYSTEM32\iertutil.dll
0x00007ff8fb680000 - 0x00007ff8fb68b000 	C:\Windows\SYSTEM32\CRYPTBASE.DLL
0x00007ff8d95c0000 - 0x00007ff8d95d3000 	C:\Program Files\Java\jdk-11.0.2\bin\nio.dll
0x00007ff8fb690000 - 0x00007ff8fb6a7000 	C:\Windows\SYSTEM32\CRYPTSP.dll
0x00007ff8fb0b0000 - 0x00007ff8fb0e3000 	C:\Windows\system32\rsaenh.dll
0x00007ff8fb7b0000 - 0x00007ff8fb7d5000 	C:\Windows\SYSTEM32\bcrypt.dll
0x00007ff8fbb50000 - 0x00007ff8fbb78000 	C:\Windows\SYSTEM32\USERENV.dll
0x00007ff8fb250000 - 0x00007ff8fb288000 	C:\Windows\SYSTEM32\IPHLPAPI.DLL
0x00007ff8ff8d0000 - 0x00007ff8ff8d8000 	C:\Windows\System32\NSI.dll
0x00007ff8edb30000 - 0x00007ff8edb46000 	C:\Windows\SYSTEM32\dhcpcsvc6.DLL
0x00007ff8edbe0000 - 0x00007ff8edbfa000 	C:\Windows\SYSTEM32\dhcpcsvc.DLL
0x00007ff8f32e0000 - 0x00007ff8f32e9000 	C:\Program Files\Java\jdk-11.0.2\bin\management.dll
0x00007ff8f3020000 - 0x00007ff8f302c000 	C:\Program Files\Java\jdk-11.0.2\bin\management_ext.dll

dbghelp: loaded successfully - version: 4.0.5 - missing functions: none
symbol engine: initialized successfully - sym options: 0x614 - pdb path: .;C:\Program Files\Java\jdk-11.0.2\bin;C:\Windows\SYSTEM32;C:\Windows\WinSxS\amd64_microsoft.windows.common-controls_6595b64144ccf1df_6.0.17134.648_none_fb45a0e93062a6d2;C:\Program Files\Java\jdk-11.0.2\bin\server

VM Arguments:
jvm_args: -agentlib:jdwp=transport=dt_socket,address=127.0.0.1:54831,suspend=y,server=n -Dmaven.multiModuleProjectDirectory=C:\Users\Gebruiker\Documents\Development\StudyBitsParser -Dmaven.home=C:\Program Files\JetBrains\IntelliJ IDEA 2018.3.5\plugins\maven\lib\maven3 -Dclassworlds.conf=C:\Program Files\JetBrains\IntelliJ IDEA 2018.3.5\plugins\maven\lib\maven3\bin\m2.conf -javaagent:C:\Users\Gebruiker\.IntelliJIdea2018.3\system\captureAgent\debugger-agent.jar -Dfile.encoding=UTF-8 
java_command: org.codehaus.classworlds.Launcher -Didea.version=2018.3.5 -Dtest=nl.quintor.studybits.IntegrationTests.FactoryTest#testCreateOsirisService test-compile surefire:test -DforkMode=never -DforkCount=0 -DreuseForks=false
java_class_path (initial): C:\Program Files\JetBrains\IntelliJ IDEA 2018.3.5\plugins\maven\lib\maven3\boot\plexus-classworlds-2.5.2.jar;C:\Program Files\JetBrains\IntelliJ IDEA 2018.3.5\lib\idea_rt.jar
Launcher Type: SUN_STANDARD

[Global flags]
     intx CICompilerCount                          = 4                                         {product} {ergonomic}
     uint ConcGCThreads                            = 3                                         {product} {ergonomic}
     uint G1ConcRefinementThreads                  = 10                                        {product} {ergonomic}
   size_t G1HeapRegionSize                         = 1048576                                   {product} {ergonomic}
    uintx GCDrainStackTargetSize                   = 64                                        {product} {ergonomic}
   size_t InitialHeapSize                          = 266338304                                 {product} {ergonomic}
   size_t MarkStackSize                            = 4194304                                   {product} {ergonomic}
   size_t MaxHeapSize                              = 4257218560                                {product} {ergonomic}
   size_t MaxNewSize                               = 2554331136                                {product} {ergonomic}
   size_t MinHeapDeltaBytes                        = 1048576                                   {product} {ergonomic}
    uintx NonNMethodCodeHeapSize                   = 5835340                                {pd product} {ergonomic}
    uintx NonProfiledCodeHeapSize                  = 122911450                              {pd product} {ergonomic}
    uintx ProfiledCodeHeapSize                     = 122911450                              {pd product} {ergonomic}
    uintx ReservedCodeCacheSize                    = 251658240                              {pd product} {ergonomic}
     bool SegmentedCodeCache                       = true                                      {product} {ergonomic}
     bool UseCompressedClassPointers               = true                                 {lp64_product} {ergonomic}
     bool UseCompressedOops                        = true                                 {lp64_product} {ergonomic}
     bool UseG1GC                                  = true                                      {product} {ergonomic}
     bool UseLargePagesIndividualAllocation        = false                                  {pd product} {ergonomic}

Logging:
Log output configuration:
 #0: stdout all=warning uptime,level,tags
 #1: stderr all=off uptime,level,tags

Environment Variables:
JAVA_HOME=C:\Program Files\Java\jdk1.8.0_201
PATH=C:\Program Files (x86)\Razer\ChromaBroadcast\bin;C:\Program Files\Razer\ChromaBroadcast\bin;C:\Program Files (x86)\Common Files\Oracle\Java\javapath;C:\Program Files (x86)\Intel\Intel(R) Management Engine Components\iCLS\;C:\Program Files\Intel\Intel(R) Management Engine Components\iCLS\;C:\Windows\system32;C:\Windows;C:\Windows\System32\Wbem;C:\Windows\System32\WindowsPowerShell\v1.0\;C:\Windows\System32\OpenSSH\;C:\Program Files (x86)\Intel\Intel(R) Management Engine Components\DAL;C:\Program Files\Intel\Intel(R) Management Engine Components\DAL;C:\Program Files (x86)\Intel\Intel(R) Management Engine Components\IPT;C:\Program Files\Intel\Intel(R) Management Engine Components\IPT;C:\Program Files (x86)\NVIDIA Corporation\PhysX\Common;C:\Program Files\Intel\WiFi\bin\;C:\Program Files\Common Files\Intel\WirelessCommon\;C:\Program Files\Java\jdk-11.0.2\bin;C:\apache-maven-3.6.0\bin;;C:\Program Files\NVIDIA Corporation\NVIDIA NvDLISR;C:\Windows\system32\config\systemprofile\AppData\Local\Microsoft\WindowsApps;C:\Users\Gebruiker\AppData\Local\Microsoft\WindowsApps;
USERNAME=Gebruiker
OS=Windows_NT
PROCESSOR_IDENTIFIER=Intel64 Family 6 Model 158 Stepping 10, GenuineIntel



---------------  S Y S T E M  ---------------

OS: Windows 10 , 64 bit Build 17134 (10.0.17134.648)

CPU:total 12 (initial active 12) (6 cores per cpu, 2 threads per core) family 6 model 158 stepping 10, cmov, cx8, fxsr, mmx, sse, sse2, sse3, ssse3, sse4.1, sse4.2, popcnt, avx, avx2, aes, clmul, erms, 3dnowpref, lzcnt, ht, tsc, tscinvbit, bmi1, bmi2, adx, fma

Memory: 4k page, system-wide physical 16235M (8145M free)
TotalPageFile size 19819M (AvailPageFile size 6990M)
current process WorkingSet (physical memory assigned to process): 201M, peak: 245M
current process commit charge ("private bytes"): 397M, peak: 421M

vm_info: Java HotSpot(TM) 64-Bit Server VM (11.0.2+9-LTS) for windows-amd64 JRE (11.0.2+9-LTS), built on Jan 18 2019 05:24:10 by "mach5one" with MS VC++ 15.5 (VS2017)

END.
